1675287368223	geckodriver	INFO	Listening on 127.0.0.1:34825
1675287368716	mozrunner::runner	INFO	Running command: "/usr/bin/firefox" "--marionette" "--remote-debugging-port" "48315" "--remote-allow-hosts" "localhost" "-no-remote" "-profile" "/tmp/rust_mozprofileuk52i8"
ATTENTION: default value of option mesa_glthread overridden by environment.
ATTENTION: default value of option mesa_glthread overridden by environment.
ATTENTION: default value of option mesa_glthread overridden by environment.
ATTENTION: default value of option mesa_glthread overridden by environment.
1675287372643	Marionette	INFO	Marionette enabled
1675287372653	Marionette	INFO	Listening on port 45265
Read port: 45265
WebDriver BiDi listening on ws://127.0.0.1:48315
1675287372841	RemoteAgent	WARN	TLS certificate errors will be ignored for this session
console.warn: SearchSettings: "get: No settings file exists, new profile?" (new NotFoundError("Could not open the file at /tmp/rust_mozprofileuk52i8/search.json.mozlz4", (void 0)))
DevTools listening on ws://127.0.0.1:48315/devtools/browser/b0bb3abf-f988-4ab9-9350-9d815f729360
JavaScript warning: https://www.legifrance.gouv.fr/_Incapsula_Resource?SWJIYLWA=719d34d31c8e3a6e6fffd425f7e032f3&ns=1&cb=1254414719, line 1: unreachable code after return statement
JavaScript warning: https://www.legifrance.gouv.fr/_Incapsula_Resource?SWJIYLWA=719d34d31c8e3a6e6fffd425f7e032f3&ns=1&cb=1254414719, line 1: unreachable code after return statement
JavaScript warning: https://www.legifrance.gouv.fr/_Incapsula_Resource?SWJIYLWA=719d34d31c8e3a6e6fffd425f7e032f3&ns=1&cb=1254414719, line 1: unreachable code after return statement
JavaScript warning: https://www.legifrance.gouv.fr/_Incapsula_Resource?SWJIYLWA=719d34d31c8e3a6e6fffd425f7e032f3&ns=1&cb=1254414719 line 1 > eval, line 1: unreachable code after return statement
JavaScript warning: https://www.legifrance.gouv.fr/_Incapsula_Resource?SWJIYLWA=719d34d31c8e3a6e6fffd425f7e032f3&ns=1&cb=1254414719 line 1 > eval, line 1: unreachable code after return statement
1675373545190	geckodriver	INFO	Listening on 127.0.0.1:33205
1675373545686	mozrunner::runner	INFO	Running command: "/usr/bin/firefox" "--marionette" "--remote-debugging-port" "42591" "--remote-allow-hosts" "localhost" "-no-remote" "-profile" "/tmp/rust_mozprofileTzgvMr"
ATTENTION: default value of option mesa_glthread overridden by environment.
ATTENTION: default value of option mesa_glthread overridden by environment.
ATTENTION: default value of option mesa_glthread overridden by environment.
ATTENTION: default value of option mesa_glthread overridden by environment.
1675373548242	Marionette	INFO	Marionette enabled
1675373548249	Marionette	INFO	Listening on port 46833
Read port: 46833
WebDriver BiDi listening on ws://127.0.0.1:42591
1675373548390	RemoteAgent	WARN	TLS certificate errors will be ignored for this session
console.warn: SearchSettings: "get: No settings file exists, new profile?" (new NotFoundError("Could not open the file at /tmp/rust_mozprofileTzgvMr/search.json.mozlz4", (void 0)))
DevTools listening on ws://127.0.0.1:42591/devtools/browser/1ec1d4c3-d744-48ac-9430-ee94974ffbc4
JavaScript warning: https://www.legifrance.gouv.fr/_Incapsula_Resource?SWJIYLWA=719d34d31c8e3a6e6fffd425f7e032f3&ns=1&cb=484538275, line 1: unreachable code after return statement
JavaScript warning: https://www.legifrance.gouv.fr/_Incapsula_Resource?SWJIYLWA=719d34d31c8e3a6e6fffd425f7e032f3&ns=1&cb=484538275, line 1: unreachable code after return statement
JavaScript warning: https://www.legifrance.gouv.fr/_Incapsula_Resource?SWJIYLWA=719d34d31c8e3a6e6fffd425f7e032f3&ns=1&cb=484538275, line 1: unreachable code after return statement
JavaScript warning: https://www.legifrance.gouv.fr/_Incapsula_Resource?SWJIYLWA=719d34d31c8e3a6e6fffd425f7e032f3&ns=1&cb=484538275 line 1 > eval, line 1: unreachable code after return statement
JavaScript warning: https://www.legifrance.gouv.fr/_Incapsula_Resource?SWJIYLWA=719d34d31c8e3a6e6fffd425f7e032f3&ns=1&cb=484538275 line 1 > eval, line 1: unreachable code after return statement
1675373550961	Marionette	INFO	Stopped listening on port 46833
1675374030059	Marionette	INFO	Stopped listening on port 45265
console.warn: TopSitesFeed: Failed to fetch data from Contile server: NetworkError when attempting to fetch resource.
1675374734489	geckodriver	INFO	Listening on 127.0.0.1:48065
1675374734994	mozrunner::runner	INFO	Running command: "/usr/bin/firefox" "--marionette" "--remote-debugging-port" "46845" "--remote-allow-hosts" "localhost" "-no-remote" "-profile" "/tmp/rust_mozprofileH65BXm"
ATTENTION: default value of option mesa_glthread overridden by environment.
ATTENTION: default value of option mesa_glthread overridden by environment.
ATTENTION: default value of option mesa_glthread overridden by environment.
ATTENTION: default value of option mesa_glthread overridden by environment.
1675374737392	Marionette	INFO	Marionette enabled
1675374737398	Marionette	INFO	Listening on port 45555
WebDriver BiDi listening on ws://127.0.0.1:46845
Read port: 45555
1675374737693	RemoteAgent	WARN	TLS certificate errors will be ignored for this session
console.warn: SearchSettings: "get: No settings file exists, new profile?" (new NotFoundError("Could not open the file at /tmp/rust_mozprofileH65BXm/search.json.mozlz4", (void 0)))
DevTools listening on ws://127.0.0.1:46845/devtools/browser/c074ec7d-d85a-44af-8b31-4f606af88365
JavaScript warning: https://www.legifrance.gouv.fr/_Incapsula_Resource?SWJIYLWA=719d34d31c8e3a6e6fffd425f7e032f3&ns=1&cb=80512295, line 1: unreachable code after return statement
JavaScript warning: https://www.legifrance.gouv.fr/_Incapsula_Resource?SWJIYLWA=719d34d31c8e3a6e6fffd425f7e032f3&ns=1&cb=80512295, line 1: unreachable code after return statement
JavaScript warning: https://www.legifrance.gouv.fr/_Incapsula_Resource?SWJIYLWA=719d34d31c8e3a6e6fffd425f7e032f3&ns=1&cb=80512295 line 1 > eval, line 1: unreachable code after return statement
1675374739847	Marionette	INFO	Stopped listening on port 45555
1676757403555	geckodriver	INFO	Listening on 127.0.0.1:48343
1676757404059	mozrunner::runner	INFO	Running command: "/usr/bin/firefox" "--marionette" "--remote-debugging-port" "43433" "--remote-allow-hosts" "localhost" "-no-remote" "-profile" "/tmp/rust_mozprofiles2dMJl"
ATTENTION: default value of option mesa_glthread overridden by environment.
ATTENTION: default value of option mesa_glthread overridden by environment.
ATTENTION: default value of option mesa_glthread overridden by environment.
ATTENTION: default value of option mesa_glthread overridden by environment.
1676757407443	Marionette	INFO	Marionette enabled
1676757407450	Marionette	INFO	Listening on port 37407
Read port: 37407
WebDriver BiDi listening on ws://127.0.0.1:43433
1676757407611	RemoteAgent	WARN	TLS certificate errors will be ignored for this session
console.warn: SearchSettings: "get: No settings file exists, new profile?" (new NotFoundError("Could not open the file at /tmp/rust_mozprofiles2dMJl/search.json.mozlz4", (void 0)))
DevTools listening on ws://127.0.0.1:43433/devtools/browser/75408471-3b63-4078-a29b-160413f46a5a
JavaScript warning: https://www.legifrance.gouv.fr/_Incapsula_Resource?SWJIYLWA=719d34d31c8e3a6e6fffd425f7e032f3&ns=1&cb=87560912, line 1: unreachable code after return statement
JavaScript warning: https://www.legifrance.gouv.fr/_Incapsula_Resource?SWJIYLWA=719d34d31c8e3a6e6fffd425f7e032f3&ns=1&cb=87560912, line 1: unreachable code after return statement
JavaScript warning: https://www.legifrance.gouv.fr/_Incapsula_Resource?SWJIYLWA=719d34d31c8e3a6e6fffd425f7e032f3&ns=1&cb=87560912 line 1 > eval, line 1: unreachable code after return statement
JavaScript warning: https://www.legifrance.gouv.fr/_Incapsula_Resource?SWJIYLWA=719d34d31c8e3a6e6fffd425f7e032f3&ns=1&cb=87560912 line 1 > eval, line 1: unreachable code after return statement
1676757410362	Marionette	INFO	Stopped listening on port 37407
